<?xml version="1.0" encoding="UTF-8"?>
<!-- Generated by org.testng.reporters.JUnitXMLReporter -->
<testsuite hostname="DELL" ignored="0" name="Test" tests="11" failures="2" timestamp="2020-06-18T01:46:15 IST" time="227.74" errors="0">
  <testcase name="GreenKart" time="15.447" classname="Practice1.SeleniumMavenProject.RahulShettyGreenKart">
    <failure type="java.lang.AssertionError" message="expected [true] but found [false]">
      <![CDATA[java.lang.AssertionError: expected [true] but found [false]
at Practice1.SeleniumMavenProject.RahulShettyGreenKart.GreenKart(RahulShettyGreenKart.java:78)
at java.util.ArrayList.forEach(ArrayList.java:1249)
... Removed 32 stack frames]]>
    </failure>
  </testcase> <!-- GreenKart -->
  <testcase name="Action" time="15.366" classname="Practice1.SeleniumMavenProject.Amazon_Action"/>
  <testcase name="AlertTest" time="21.306" classname="Practice1.SeleniumMavenProject.AlertHandling"/>
  <testcase name="SwitchWindow" time="21.11" classname="Practice1.SeleniumMavenProject.SwitchingWindows"/>
  <testcase name="ClickonLink" time="47.865" classname="Practice1.SeleniumMavenProject.ClickingOnLinks"/>
  <testcase name="SwitchFrames" time="11.167" classname="Practice1.SeleniumMavenProject.SwitchingFrames"/>
  <testcase name="Dropdown_Selection" time="33.425" classname="Practice1.SeleniumMavenProject.SpiceJet"/>
  <testcase name="Demo3" time="0.008" classname="Practice1.SeleniumMavenProject.Tes3"/>
  <testcase name="Login" time="32.789" classname="Practice1.SeleniumMavenProject.Facebook"/>
  <testcase name="demotestng" time="0.01" classname="Practice1.SeleniumMavenProject.Tes1"/>
  <testcase name="Auto_Suggestive_Dropdown" time="26.864" classname="Practice1.SeleniumMavenProject.MakeMyTrip">
    <failure type="org.openqa.selenium.ElementClickInterceptedException" message="element click intercepted: Element &amp;lt;input data-cy=&amp;quot;fromCity&amp;quot; id=&amp;quot;fromCity&amp;quot; type=&amp;quot;text&amp;quot; class=&amp;quot;fsw_inputField font30 lineHeight36 latoBlack&amp;quot; readonly=&amp;quot;&amp;quot; value=&amp;quot;Delhi&amp;quot;&amp;gt; is not clickable at point (244, 255). Other element would receive the click: &amp;lt;div data-cy=&amp;quot;outsideModal&amp;quot; class=&amp;quot;loginModal displayBlock modalLogin dynHeight personal &amp;quot;&amp;gt;&amp;lt;/div&amp;gt;
  (Session info: chrome=83.0.4103.106)
Build info: version: &amp;apos;3.141.59&amp;apos;, revision: &amp;apos;e82be7d358&amp;apos;, time: &amp;apos;2018-11-14T08:17:03&amp;apos;
System info: host: &amp;apos;DELL&amp;apos;, ip: &amp;apos;192.168.43.7&amp;apos;, os.name: &amp;apos;Windows 8.1&amp;apos;, os.arch: &amp;apos;amd64&amp;apos;, os.version: &amp;apos;6.3&amp;apos;, java.version: &amp;apos;1.8.0_121&amp;apos;
Driver info: org.openqa.selenium.chrome.ChromeDriver
Capabilities {acceptInsecureCerts: false, browserName: chrome, browserVersion: 83.0.4103.106, chrome: {chromedriverVersion: 83.0.4103.39 (ccbf011cb2d2b..., userDataDir: C:\Users\admin\AppData\Loca...}, goog:chromeOptions: {debuggerAddress: localhost:54716}, javascriptEnabled: true, networkConnectionEnabled: false, pageLoadStrategy: normal, platform: WINDOWS, platformName: WINDOWS, proxy: Proxy(), setWindowRect: true, strictFileInteractability: false, timeouts: {implicit: 0, pageLoad: 300000, script: 30000}, unhandledPromptBehavior: dismiss and notify, webauthn:virtualAuthenticators: true}
Session ID: 015ac9421c03f3112d527ba8b45489d9">
      <![CDATA[org.openqa.selenium.ElementClickInterceptedException: element click intercepted: Element <input data-cy="fromCity" id="fromCity" type="text" class="fsw_inputField font30 lineHeight36 latoBlack" readonly="" value="Delhi"> is not clickable at point (244, 255). Other element would receive the click: <div data-cy="outsideModal" class="loginModal displayBlock modalLogin dynHeight personal "></div>
  (Session info: chrome=83.0.4103.106)
Build info: version: '3.141.59', revision: 'e82be7d358', time: '2018-11-14T08:17:03'
System info: host: 'DELL', ip: '192.168.43.7', os.name: 'Windows 8.1', os.arch: 'amd64', os.version: '6.3', java.version: '1.8.0_121'
Driver info: org.openqa.selenium.chrome.ChromeDriver
Capabilities {acceptInsecureCerts: false, browserName: chrome, browserVersion: 83.0.4103.106, chrome: {chromedriverVersion: 83.0.4103.39 (ccbf011cb2d2b..., userDataDir: C:\Users\admin\AppData\Loca...}, goog:chromeOptions: {debuggerAddress: localhost:54716}, javascriptEnabled: true, networkConnectionEnabled: false, pageLoadStrategy: normal, platform: WINDOWS, platformName: WINDOWS, proxy: Proxy(), setWindowRect: true, strictFileInteractability: false, timeouts: {implicit: 0, pageLoad: 300000, script: 30000}, unhandledPromptBehavior: dismiss and notify, webauthn:virtualAuthenticators: true}
Session ID: 015ac9421c03f3112d527ba8b45489d9
at org.openqa.selenium.remote.http.W3CHttpResponseCodec.createException(W3CHttpResponseCodec.java:187)
at org.openqa.selenium.remote.http.W3CHttpResponseCodec.decode(W3CHttpResponseCodec.java:122)
at org.openqa.selenium.remote.http.W3CHttpResponseCodec.decode(W3CHttpResponseCodec.java:49)
at org.openqa.selenium.remote.HttpCommandExecutor.execute(HttpCommandExecutor.java:158)
at org.openqa.selenium.remote.service.DriverCommandExecutor.execute(DriverCommandExecutor.java:83)
at org.openqa.selenium.remote.RemoteWebDriver.execute(RemoteWebDriver.java:552)
at org.openqa.selenium.remote.RemoteWebElement.execute(RemoteWebElement.java:285)
at org.openqa.selenium.remote.RemoteWebElement.click(RemoteWebElement.java:84)
at Practice1.SeleniumMavenProject.MakeMyTrip.Auto_Suggestive_Dropdown(MakeMyTrip.java:19)
at java.util.ArrayList.forEach(ArrayList.java:1249)
... Removed 31 stack frames]]>
    </failure>
  </testcase> <!-- Auto_Suggestive_Dropdown -->
</testsuite> <!-- Test -->
