<?xml version="1.0" encoding="UTF-8"?>
<testng-results skipped="0" failed="2" ignored="0" total="11" passed="9">
  <reporter-output>
  </reporter-output>
  <suite name="Suite" duration-ms="227740" started-at="2020-06-18T01:42:20 IST" finished-at="2020-06-18T01:46:08 IST">
    <groups>
    </groups>
    <test name="Test" duration-ms="227740" started-at="2020-06-18T01:42:20 IST" finished-at="2020-06-18T01:46:08 IST">
      <class name="Practice1.SeleniumMavenProject.RahulShettyGreenKart">
        <test-method status="FAIL" signature="GreenKart()[pri:0, instance:Practice1.SeleniumMavenProject.RahulShettyGreenKart@3f56875e]" name="GreenKart" duration-ms="15447" started-at="2020-06-18T01:42:20 IST" finished-at="2020-06-18T01:42:35 IST">
          <exception class="java.lang.AssertionError">
            <message>
              <![CDATA[expected [true] but found [false]]]>
            </message>
            <full-stacktrace>
              <![CDATA[java.lang.AssertionError: expected [true] but found [false]
at org.testng.Assert.fail(Assert.java:97)
at org.testng.Assert.assertEqualsImpl(Assert.java:136)
at org.testng.Assert.assertEquals(Assert.java:118)
at org.testng.Assert.assertEquals(Assert.java:751)
at org.testng.Assert.assertEquals(Assert.java:761)
at Practice1.SeleniumMavenProject.RahulShettyGreenKart.GreenKart(RahulShettyGreenKart.java:78)
at sun.reflect.NativeMethodAccessorImpl.invoke0(Native Method)
at sun.reflect.NativeMethodAccessorImpl.invoke(NativeMethodAccessorImpl.java:62)
at sun.reflect.DelegatingMethodAccessorImpl.invoke(DelegatingMethodAccessorImpl.java:43)
at java.lang.reflect.Method.invoke(Method.java:498)
at org.testng.internal.MethodInvocationHelper.invokeMethod(MethodInvocationHelper.java:135)
at org.testng.internal.TestInvoker.invokeMethod(TestInvoker.java:598)
at org.testng.internal.TestInvoker.invokeTestMethod(TestInvoker.java:174)
at org.testng.internal.MethodRunner.runInSequence(MethodRunner.java:46)
at org.testng.internal.TestInvoker$MethodInvocationAgent.invoke(TestInvoker.java:821)
at org.testng.internal.TestInvoker.invokeTestMethods(TestInvoker.java:147)
at org.testng.internal.TestMethodWorker.invokeTestMethods(TestMethodWorker.java:146)
at org.testng.internal.TestMethodWorker.run(TestMethodWorker.java:128)
at java.util.ArrayList.forEach(ArrayList.java:1249)
at org.testng.TestRunner.privateRun(TestRunner.java:767)
at org.testng.TestRunner.run(TestRunner.java:588)
at org.testng.SuiteRunner.runTest(SuiteRunner.java:384)
at org.testng.SuiteRunner.runSequentially(SuiteRunner.java:378)
at org.testng.SuiteRunner.privateRun(SuiteRunner.java:337)
at org.testng.SuiteRunner.run(SuiteRunner.java:286)
at org.testng.SuiteRunnerWorker.runSuite(SuiteRunnerWorker.java:53)
at org.testng.SuiteRunnerWorker.run(SuiteRunnerWorker.java:96)
at org.testng.TestNG.runSuitesSequentially(TestNG.java:1214)
at org.testng.TestNG.runSuitesLocally(TestNG.java:1136)
at org.testng.TestNG.runSuites(TestNG.java:1066)
at org.testng.TestNG.run(TestNG.java:1034)
at org.testng.remote.AbstractRemoteTestNG.run(AbstractRemoteTestNG.java:115)
at org.testng.remote.RemoteTestNG.initAndRun(RemoteTestNG.java:251)
at org.testng.remote.RemoteTestNG.main(RemoteTestNG.java:77)
]]>
            </full-stacktrace>
          </exception> <!-- java.lang.AssertionError -->
          <reporter-output>
          </reporter-output>
        </test-method> <!-- GreenKart -->
      </class> <!-- Practice1.SeleniumMavenProject.RahulShettyGreenKart -->
      <class name="Practice1.SeleniumMavenProject.Facebook">
        <test-method status="PASS" signature="Login()[pri:0, instance:Practice1.SeleniumMavenProject.Facebook@7748410a]" name="Login" duration-ms="32789" started-at="2020-06-18T01:45:07 IST" finished-at="2020-06-18T01:45:40 IST">
          <reporter-output>
          </reporter-output>
        </test-method> <!-- Login -->
      </class> <!-- Practice1.SeleniumMavenProject.Facebook -->
      <class name="Practice1.SeleniumMavenProject.ClickingOnLinks">
        <test-method status="PASS" signature="ClickonLink()[pri:0, instance:Practice1.SeleniumMavenProject.ClickingOnLinks@3e96bacf]" name="ClickonLink" duration-ms="47865" started-at="2020-06-18T01:43:35 IST" finished-at="2020-06-18T01:44:22 IST">
          <reporter-output>
          </reporter-output>
        </test-method> <!-- ClickonLink -->
      </class> <!-- Practice1.SeleniumMavenProject.ClickingOnLinks -->
      <class name="Practice1.SeleniumMavenProject.WebdriverSetup">
        <test-method status="PASS" signature="BeforeTestExecution()[pri:0, instance:Practice1.SeleniumMavenProject.WebdriverSetup@32910148]" name="BeforeTestExecution" is-config="true" duration-ms="20" started-at="2020-06-18T01:42:20 IST" finished-at="2020-06-18T01:42:20 IST">
          <reporter-output>
          </reporter-output>
        </test-method> <!-- BeforeTestExecution -->
        <test-method status="PASS" signature="AfterTestExecution()[pri:0, instance:Practice1.SeleniumMavenProject.WebdriverSetup@32910148]" name="AfterTestExecution" is-config="true" duration-ms="0" started-at="2020-06-18T01:46:08 IST" finished-at="2020-06-18T01:46:08 IST">
          <reporter-output>
          </reporter-output>
        </test-method> <!-- AfterTestExecution -->
      </class> <!-- Practice1.SeleniumMavenProject.WebdriverSetup -->
      <class name="Practice1.SeleniumMavenProject.SwitchingWindows">
        <test-method status="PASS" signature="SwitchWindow()[pri:0, instance:Practice1.SeleniumMavenProject.SwitchingWindows@3571b748]" name="SwitchWindow" duration-ms="21110" started-at="2020-06-18T01:43:13 IST" finished-at="2020-06-18T01:43:35 IST">
          <reporter-output>
          </reporter-output>
        </test-method> <!-- SwitchWindow -->
      </class> <!-- Practice1.SeleniumMavenProject.SwitchingWindows -->
      <class name="Practice1.SeleniumMavenProject.AlertHandling">
        <test-method status="PASS" signature="AlertTest()[pri:0, instance:Practice1.SeleniumMavenProject.AlertHandling@fd07cbb]" name="AlertTest" duration-ms="21306" started-at="2020-06-18T01:42:52 IST" finished-at="2020-06-18T01:43:13 IST">
          <reporter-output>
          </reporter-output>
        </test-method> <!-- AlertTest -->
      </class> <!-- Practice1.SeleniumMavenProject.AlertHandling -->
      <class name="Practice1.SeleniumMavenProject.Amazon_Action">
        <test-method status="PASS" signature="Action()[pri:0, instance:Practice1.SeleniumMavenProject.Amazon_Action@2b4bac49]" name="Action" duration-ms="15366" started-at="2020-06-18T01:42:37 IST" finished-at="2020-06-18T01:42:52 IST">
          <reporter-output>
          </reporter-output>
        </test-method> <!-- Action -->
      </class> <!-- Practice1.SeleniumMavenProject.Amazon_Action -->
      <class name="Practice1.SeleniumMavenProject.SpiceJet">
        <test-method status="PASS" signature="Dropdown_Selection()[pri:0, instance:Practice1.SeleniumMavenProject.SpiceJet@4470f8a6]" name="Dropdown_Selection" duration-ms="33425" started-at="2020-06-18T01:44:34 IST" finished-at="2020-06-18T01:45:07 IST">
          <reporter-output>
          </reporter-output>
        </test-method> <!-- Dropdown_Selection -->
      </class> <!-- Practice1.SeleniumMavenProject.SpiceJet -->
      <class name="Practice1.SeleniumMavenProject.MakeMyTrip">
        <test-method status="FAIL" signature="Auto_Suggestive_Dropdown()[pri:0, instance:Practice1.SeleniumMavenProject.MakeMyTrip@37f1104d]" name="Auto_Suggestive_Dropdown" duration-ms="26864" started-at="2020-06-18T01:45:40 IST" finished-at="2020-06-18T01:46:07 IST">
          <exception class="org.openqa.selenium.ElementClickInterceptedException">
            <message>
              <![CDATA[element click intercepted: Element <input data-cy="fromCity" id="fromCity" type="text" class="fsw_inputField font30 lineHeight36 latoBlack" readonly="" value="Delhi"> is not clickable at point (244, 255). Other element would receive the click: <div data-cy="outsideModal" class="loginModal displayBlock modalLogin dynHeight personal "></div>
  (Session info: chrome=83.0.4103.106)
Build info: version: '3.141.59', revision: 'e82be7d358', time: '2018-11-14T08:17:03'
System info: host: 'DELL', ip: '192.168.43.7', os.name: 'Windows 8.1', os.arch: 'amd64', os.version: '6.3', java.version: '1.8.0_121'
Driver info: org.openqa.selenium.chrome.ChromeDriver
Capabilities {acceptInsecureCerts: false, browserName: chrome, browserVersion: 83.0.4103.106, chrome: {chromedriverVersion: 83.0.4103.39 (ccbf011cb2d2b..., userDataDir: C:\Users\admin\AppData\Loca...}, goog:chromeOptions: {debuggerAddress: localhost:54716}, javascriptEnabled: true, networkConnectionEnabled: false, pageLoadStrategy: normal, platform: WINDOWS, platformName: WINDOWS, proxy: Proxy(), setWindowRect: true, strictFileInteractability: false, timeouts: {implicit: 0, pageLoad: 300000, script: 30000}, unhandledPromptBehavior: dismiss and notify, webauthn:virtualAuthenticators: true}
Session ID: 015ac9421c03f3112d527ba8b45489d9]]>
            </message>
            <full-stacktrace>
              <![CDATA[org.openqa.selenium.ElementClickInterceptedException: element click intercepted: Element <input data-cy="fromCity" id="fromCity" type="text" class="fsw_inputField font30 lineHeight36 latoBlack" readonly="" value="Delhi"> is not clickable at point (244, 255). Other element would receive the click: <div data-cy="outsideModal" class="loginModal displayBlock modalLogin dynHeight personal "></div>
  (Session info: chrome=83.0.4103.106)
Build info: version: '3.141.59', revision: 'e82be7d358', time: '2018-11-14T08:17:03'
System info: host: 'DELL', ip: '192.168.43.7', os.name: 'Windows 8.1', os.arch: 'amd64', os.version: '6.3', java.version: '1.8.0_121'
Driver info: org.openqa.selenium.chrome.ChromeDriver
Capabilities {acceptInsecureCerts: false, browserName: chrome, browserVersion: 83.0.4103.106, chrome: {chromedriverVersion: 83.0.4103.39 (ccbf011cb2d2b..., userDataDir: C:\Users\admin\AppData\Loca...}, goog:chromeOptions: {debuggerAddress: localhost:54716}, javascriptEnabled: true, networkConnectionEnabled: false, pageLoadStrategy: normal, platform: WINDOWS, platformName: WINDOWS, proxy: Proxy(), setWindowRect: true, strictFileInteractability: false, timeouts: {implicit: 0, pageLoad: 300000, script: 30000}, unhandledPromptBehavior: dismiss and notify, webauthn:virtualAuthenticators: true}
Session ID: 015ac9421c03f3112d527ba8b45489d9
at sun.reflect.NativeConstructorAccessorImpl.newInstance0(Native Method)
at sun.reflect.NativeConstructorAccessorImpl.newInstance(NativeConstructorAccessorImpl.java:62)
at sun.reflect.DelegatingConstructorAccessorImpl.newInstance(DelegatingConstructorAccessorImpl.java:45)
at java.lang.reflect.Constructor.newInstance(Constructor.java:423)
at org.openqa.selenium.remote.http.W3CHttpResponseCodec.createException(W3CHttpResponseCodec.java:187)
at org.openqa.selenium.remote.http.W3CHttpResponseCodec.decode(W3CHttpResponseCodec.java:122)
at org.openqa.selenium.remote.http.W3CHttpResponseCodec.decode(W3CHttpResponseCodec.java:49)
at org.openqa.selenium.remote.HttpCommandExecutor.execute(HttpCommandExecutor.java:158)
at org.openqa.selenium.remote.service.DriverCommandExecutor.execute(DriverCommandExecutor.java:83)
at org.openqa.selenium.remote.RemoteWebDriver.execute(RemoteWebDriver.java:552)
at org.openqa.selenium.remote.RemoteWebElement.execute(RemoteWebElement.java:285)
at org.openqa.selenium.remote.RemoteWebElement.click(RemoteWebElement.java:84)
at Practice1.SeleniumMavenProject.MakeMyTrip.Auto_Suggestive_Dropdown(MakeMyTrip.java:19)
at sun.reflect.NativeMethodAccessorImpl.invoke0(Native Method)
at sun.reflect.NativeMethodAccessorImpl.invoke(NativeMethodAccessorImpl.java:62)
at sun.reflect.DelegatingMethodAccessorImpl.invoke(DelegatingMethodAccessorImpl.java:43)
at java.lang.reflect.Method.invoke(Method.java:498)
at org.testng.internal.MethodInvocationHelper.invokeMethod(MethodInvocationHelper.java:135)
at org.testng.internal.TestInvoker.invokeMethod(TestInvoker.java:598)
at org.testng.internal.TestInvoker.invokeTestMethod(TestInvoker.java:174)
at org.testng.internal.MethodRunner.runInSequence(MethodRunner.java:46)
at org.testng.internal.TestInvoker$MethodInvocationAgent.invoke(TestInvoker.java:821)
at org.testng.internal.TestInvoker.invokeTestMethods(TestInvoker.java:147)
at org.testng.internal.TestMethodWorker.invokeTestMethods(TestMethodWorker.java:146)
at org.testng.internal.TestMethodWorker.run(TestMethodWorker.java:128)
at java.util.ArrayList.forEach(ArrayList.java:1249)
at org.testng.TestRunner.privateRun(TestRunner.java:767)
at org.testng.TestRunner.run(TestRunner.java:588)
at org.testng.SuiteRunner.runTest(SuiteRunner.java:384)
at org.testng.SuiteRunner.runSequentially(SuiteRunner.java:378)
at org.testng.SuiteRunner.privateRun(SuiteRunner.java:337)
at org.testng.SuiteRunner.run(SuiteRunner.java:286)
at org.testng.SuiteRunnerWorker.runSuite(SuiteRunnerWorker.java:53)
at org.testng.SuiteRunnerWorker.run(SuiteRunnerWorker.java:96)
at org.testng.TestNG.runSuitesSequentially(TestNG.java:1214)
at org.testng.TestNG.runSuitesLocally(TestNG.java:1136)
at org.testng.TestNG.runSuites(TestNG.java:1066)
at org.testng.TestNG.run(TestNG.java:1034)
at org.testng.remote.AbstractRemoteTestNG.run(AbstractRemoteTestNG.java:115)
at org.testng.remote.RemoteTestNG.initAndRun(RemoteTestNG.java:251)
at org.testng.remote.RemoteTestNG.main(RemoteTestNG.java:77)
]]>
            </full-stacktrace>
          </exception> <!-- org.openqa.selenium.ElementClickInterceptedException -->
          <reporter-output>
          </reporter-output>
        </test-method> <!-- Auto_Suggestive_Dropdown -->
      </class> <!-- Practice1.SeleniumMavenProject.MakeMyTrip -->
      <class name="Practice1.SeleniumMavenProject.Tes3">
        <test-method status="PASS" signature="Demo3()[pri:0, instance:Practice1.SeleniumMavenProject.Tes3@7c83dc97]" name="Demo3" duration-ms="8" started-at="2020-06-18T01:45:07 IST" finished-at="2020-06-18T01:45:07 IST">
          <reporter-output>
          </reporter-output>
        </test-method> <!-- Demo3 -->
      </class> <!-- Practice1.SeleniumMavenProject.Tes3 -->
      <class name="Practice1.SeleniumMavenProject.SwitchingFrames">
        <test-method status="PASS" signature="SwitchFrames()[pri:0, instance:Practice1.SeleniumMavenProject.SwitchingFrames@484970b0]" name="SwitchFrames" duration-ms="11167" started-at="2020-06-18T01:44:22 IST" finished-at="2020-06-18T01:44:34 IST">
          <reporter-output>
          </reporter-output>
        </test-method> <!-- SwitchFrames -->
      </class> <!-- Practice1.SeleniumMavenProject.SwitchingFrames -->
      <class name="Practice1.SeleniumMavenProject.Tes1">
        <test-method status="PASS" signature="demotestng()[pri:0, instance:Practice1.SeleniumMavenProject.Tes1@740773a3]" name="demotestng" duration-ms="10" started-at="2020-06-18T01:45:40 IST" finished-at="2020-06-18T01:45:40 IST">
          <reporter-output>
          </reporter-output>
        </test-method> <!-- demotestng -->
      </class> <!-- Practice1.SeleniumMavenProject.Tes1 -->
    </test> <!-- Test -->
  </suite> <!-- Suite -->
</testng-results>
