-------------------------------------------------------------------------------
Test set: TestSuite
-------------------------------------------------------------------------------
Tests run: 8, Failures: 1, Errors: 0, Skipped: 0, Time elapsed: 422.627 s <<< FAILURE! - in TestSuite
Practice1.SeleniumMavenProject.RahulShettyGreenKart.GreenKart  Time elapsed: 26.523 s  <<< FAILURE!
java.lang.AssertionError: expected [true] but found [false]
	at Practice1.SeleniumMavenProject.RahulShettyGreenKart.GreenKart(RahulShettyGreenKart.java:78)

