<?xml version="1.0" encoding="UTF-8"?>
<testng-results skipped="0" failed="1" ignored="0" total="11" passed="10">
  <reporter-output>
  </reporter-output>
  <suite name="Suite" duration-ms="262316" started-at="2020-05-31T14:54:43 IST" finished-at="2020-05-31T14:59:05 IST">
    <groups>
    </groups>
    <test name="Test" duration-ms="262316" started-at="2020-05-31T14:54:43 IST" finished-at="2020-05-31T14:59:05 IST">
      <class name="Practice1.SeleniumMavenProject.Facebook">
        <test-method status="PASS" signature="Login()[pri:0, instance:Practice1.SeleniumMavenProject.Facebook@3c0f93f1]" name="Login" duration-ms="26677" started-at="2020-05-31T14:58:10 IST" finished-at="2020-05-31T14:58:36 IST">
          <reporter-output>
          </reporter-output>
        </test-method> <!-- Login -->
      </class> <!-- Practice1.SeleniumMavenProject.Facebook -->
      <class name="Practice1.SeleniumMavenProject.RahulShettyGreenKart">
        <test-method status="PASS" signature="GreenKart()[pri:0, instance:Practice1.SeleniumMavenProject.RahulShettyGreenKart@dc24521]" name="GreenKart" duration-ms="22965" started-at="2020-05-31T14:54:43 IST" finished-at="2020-05-31T14:55:06 IST">
          <reporter-output>
          </reporter-output>
        </test-method> <!-- GreenKart -->
      </class> <!-- Practice1.SeleniumMavenProject.RahulShettyGreenKart -->
      <class name="Practice1.SeleniumMavenProject.ClickingOnLinks">
        <test-method status="FAIL" signature="ClickonLink()[pri:0, instance:Practice1.SeleniumMavenProject.ClickingOnLinks@617faa95]" name="ClickonLink" duration-ms="24907" started-at="2020-05-31T14:56:16 IST" finished-at="2020-05-31T14:56:41 IST">
          <exception class="org.openqa.selenium.WebDriverException">
            <message>
              <![CDATA[Timed out waiting for driver server to start.
Build info: version: '3.141.59', revision: 'e82be7d358', time: '2018-11-14T08:17:03'
System info: host: 'DELL', ip: '192.168.43.7', os.name: 'Windows 8.1', os.arch: 'amd64', os.version: '6.3', java.version: '1.8.0_121'
Driver info: driver.version: ChromeDriver]]>
            </message>
            <full-stacktrace>
              <![CDATA[org.openqa.selenium.WebDriverException: Timed out waiting for driver server to start.
Build info: version: '3.141.59', revision: 'e82be7d358', time: '2018-11-14T08:17:03'
System info: host: 'DELL', ip: '192.168.43.7', os.name: 'Windows 8.1', os.arch: 'amd64', os.version: '6.3', java.version: '1.8.0_121'
Driver info: driver.version: ChromeDriver
at org.openqa.selenium.remote.service.DriverService.waitUntilAvailable(DriverService.java:202)
at org.openqa.selenium.remote.service.DriverService.start(DriverService.java:188)
at org.openqa.selenium.remote.service.DriverCommandExecutor.execute(DriverCommandExecutor.java:79)
at org.openqa.selenium.remote.RemoteWebDriver.execute(RemoteWebDriver.java:552)
at org.openqa.selenium.remote.RemoteWebDriver.startSession(RemoteWebDriver.java:213)
at org.openqa.selenium.remote.RemoteWebDriver.<init>(RemoteWebDriver.java:131)
at org.openqa.selenium.chrome.ChromeDriver.<init>(ChromeDriver.java:181)
at org.openqa.selenium.chrome.ChromeDriver.<init>(ChromeDriver.java:168)
at org.openqa.selenium.chrome.ChromeDriver.<init>(ChromeDriver.java:123)
at Practice1.SeleniumMavenProject.WebdriverSetup.Webdriverconfig(WebdriverSetup.java:17)
at Practice1.SeleniumMavenProject.ClickingOnLinks.ClickonLink(ClickingOnLinks.java:19)
at sun.reflect.NativeMethodAccessorImpl.invoke0(Native Method)
at sun.reflect.NativeMethodAccessorImpl.invoke(Unknown Source)
at sun.reflect.DelegatingMethodAccessorImpl.invoke(Unknown Source)
at java.lang.reflect.Method.invoke(Unknown Source)
at org.testng.internal.MethodInvocationHelper.invokeMethod(MethodInvocationHelper.java:134)
at org.testng.internal.TestInvoker.invokeMethod(TestInvoker.java:597)
at org.testng.internal.TestInvoker.invokeTestMethod(TestInvoker.java:173)
at org.testng.internal.MethodRunner.runInSequence(MethodRunner.java:46)
at org.testng.internal.TestInvoker$MethodInvocationAgent.invoke(TestInvoker.java:816)
at org.testng.internal.TestInvoker.invokeTestMethods(TestInvoker.java:146)
at org.testng.internal.TestMethodWorker.invokeTestMethods(TestMethodWorker.java:146)
at org.testng.internal.TestMethodWorker.run(TestMethodWorker.java:128)
at java.util.ArrayList.forEach(Unknown Source)
at org.testng.TestRunner.privateRun(TestRunner.java:766)
at org.testng.TestRunner.run(TestRunner.java:587)
at org.testng.SuiteRunner.runTest(SuiteRunner.java:384)
at org.testng.SuiteRunner.runSequentially(SuiteRunner.java:378)
at org.testng.SuiteRunner.privateRun(SuiteRunner.java:337)
at org.testng.SuiteRunner.run(SuiteRunner.java:286)
at org.testng.SuiteRunnerWorker.runSuite(SuiteRunnerWorker.java:53)
at org.testng.SuiteRunnerWorker.run(SuiteRunnerWorker.java:96)
at org.testng.TestNG.runSuitesSequentially(TestNG.java:1187)
at org.testng.TestNG.runSuitesLocally(TestNG.java:1109)
at org.testng.TestNG.runSuites(TestNG.java:1039)
at org.testng.TestNG.run(TestNG.java:1007)
at org.apache.maven.surefire.testng.TestNGExecutor.run(TestNGExecutor.java:283)
at org.apache.maven.surefire.testng.TestNGXmlTestSuite.execute(TestNGXmlTestSuite.java:75)
at org.apache.maven.surefire.testng.TestNGProvider.invoke(TestNGProvider.java:120)
at org.apache.maven.surefire.booter.ForkedBooter.runSuitesInProcess(ForkedBooter.java:377)
at org.apache.maven.surefire.booter.ForkedBooter.execute(ForkedBooter.java:138)
at org.apache.maven.surefire.booter.ForkedBooter.run(ForkedBooter.java:465)
at org.apache.maven.surefire.booter.ForkedBooter.main(ForkedBooter.java:451)
Caused by: org.openqa.selenium.net.UrlChecker$TimeoutException: Timed out waiting for [http://localhost:46806/status] to be available after 20000 ms
at org.openqa.selenium.net.UrlChecker.waitUntilAvailable(UrlChecker.java:100)
at org.openqa.selenium.remote.service.DriverService.waitUntilAvailable(DriverService.java:197)
... 42 more
Caused by: java.util.concurrent.TimeoutException
at java.util.concurrent.FutureTask.get(Unknown Source)
at com.google.common.util.concurrent.SimpleTimeLimiter.callWithTimeout(SimpleTimeLimiter.java:156)
at org.openqa.selenium.net.UrlChecker.waitUntilAvailable(UrlChecker.java:75)
... 43 more
]]>
            </full-stacktrace>
          </exception> <!-- org.openqa.selenium.WebDriverException -->
          <reporter-output>
          </reporter-output>
        </test-method> <!-- ClickonLink -->
      </class> <!-- Practice1.SeleniumMavenProject.ClickingOnLinks -->
      <class name="Practice1.SeleniumMavenProject.WebdriverSetup">
        <test-method status="PASS" signature="BeforeTestExecution()[pri:0, instance:Practice1.SeleniumMavenProject.WebdriverSetup@148080bb]" name="BeforeTestExecution" is-config="true" duration-ms="13" started-at="2020-05-31T14:54:43 IST" finished-at="2020-05-31T14:54:43 IST">
          <reporter-output>
          </reporter-output>
        </test-method> <!-- BeforeTestExecution -->
        <test-method status="PASS" signature="AfterTestExecution()[pri:0, instance:Practice1.SeleniumMavenProject.WebdriverSetup@148080bb]" name="AfterTestExecution" is-config="true" duration-ms="1" started-at="2020-05-31T14:59:05 IST" finished-at="2020-05-31T14:59:05 IST">
          <reporter-output>
          </reporter-output>
        </test-method> <!-- AfterTestExecution -->
      </class> <!-- Practice1.SeleniumMavenProject.WebdriverSetup -->
      <class name="Practice1.SeleniumMavenProject.SwitchingWindows">
        <test-method status="PASS" signature="SwitchWindow()[pri:0, instance:Practice1.SeleniumMavenProject.SwitchingWindows@7e0b0338]" name="SwitchWindow" duration-ms="24181" started-at="2020-05-31T14:55:52 IST" finished-at="2020-05-31T14:56:16 IST">
          <reporter-output>
          </reporter-output>
        </test-method> <!-- SwitchWindow -->
      </class> <!-- Practice1.SeleniumMavenProject.SwitchingWindows -->
      <class name="Practice1.SeleniumMavenProject.Amazon_Action">
        <test-method status="PASS" signature="Action()[pri:0, instance:Practice1.SeleniumMavenProject.Amazon_Action@10bdf5e5]" name="Action" duration-ms="17774" started-at="2020-05-31T14:55:06 IST" finished-at="2020-05-31T14:55:24 IST">
          <reporter-output>
          </reporter-output>
        </test-method> <!-- Action -->
      </class> <!-- Practice1.SeleniumMavenProject.Amazon_Action -->
      <class name="Practice1.SeleniumMavenProject.AlertHandling">
        <test-method status="PASS" signature="AlertTest()[pri:0, instance:Practice1.SeleniumMavenProject.AlertHandling@6e1ec318]" name="AlertTest" duration-ms="27687" started-at="2020-05-31T14:55:24 IST" finished-at="2020-05-31T14:55:52 IST">
          <reporter-output>
          </reporter-output>
        </test-method> <!-- AlertTest -->
      </class> <!-- Practice1.SeleniumMavenProject.AlertHandling -->
      <class name="Practice1.SeleniumMavenProject.SpiceJet">
        <test-method status="PASS" signature="Dropdown_Selection()[pri:0, instance:Practice1.SeleniumMavenProject.SpiceJet@60c6f5b]" name="Dropdown_Selection" duration-ms="48369" started-at="2020-05-31T14:57:21 IST" finished-at="2020-05-31T14:58:10 IST">
          <reporter-output>
          </reporter-output>
        </test-method> <!-- Dropdown_Selection -->
      </class> <!-- Practice1.SeleniumMavenProject.SpiceJet -->
      <class name="Practice1.SeleniumMavenProject.Tes3">
        <test-method status="PASS" signature="Demo3()[pri:0, instance:Practice1.SeleniumMavenProject.Tes3@2038ae61]" name="Demo3" duration-ms="0" started-at="2020-05-31T14:58:10 IST" finished-at="2020-05-31T14:58:10 IST">
          <reporter-output>
          </reporter-output>
        </test-method> <!-- Demo3 -->
      </class> <!-- Practice1.SeleniumMavenProject.Tes3 -->
      <class name="Practice1.SeleniumMavenProject.MakeMyTrip">
        <test-method status="PASS" signature="Auto_Suggestive_Dropdown()[pri:0, instance:Practice1.SeleniumMavenProject.MakeMyTrip@544fe44c]" name="Auto_Suggestive_Dropdown" duration-ms="28936" started-at="2020-05-31T14:58:36 IST" finished-at="2020-05-31T14:59:05 IST">
          <reporter-output>
          </reporter-output>
        </test-method> <!-- Auto_Suggestive_Dropdown -->
      </class> <!-- Practice1.SeleniumMavenProject.MakeMyTrip -->
      <class name="Practice1.SeleniumMavenProject.SwitchingFrames">
        <test-method status="PASS" signature="SwitchFrames()[pri:0, instance:Practice1.SeleniumMavenProject.SwitchingFrames@1e127982]" name="SwitchFrames" duration-ms="38713" started-at="2020-05-31T14:56:43 IST" finished-at="2020-05-31T14:57:21 IST">
          <reporter-output>
          </reporter-output>
        </test-method> <!-- SwitchFrames -->
      </class> <!-- Practice1.SeleniumMavenProject.SwitchingFrames -->
      <class name="Practice1.SeleniumMavenProject.Tes1">
        <test-method status="PASS" signature="demotestng()[pri:0, instance:Practice1.SeleniumMavenProject.Tes1@31dc339b]" name="demotestng" duration-ms="1" started-at="2020-05-31T14:58:36 IST" finished-at="2020-05-31T14:58:36 IST">
          <reporter-output>
          </reporter-output>
        </test-method> <!-- demotestng -->
      </class> <!-- Practice1.SeleniumMavenProject.Tes1 -->
    </test> <!-- Test -->
  </suite> <!-- Suite -->
</testng-results>
